# JRE version: Java(TM) SE Runtime Environment (15.0.1+9) (build 15.0.1+9-18)
# Java VM: Java HotSpot(TM) 64-Bit Server VM (15.0.1+9-18, mixed mode, sharing, tiered, compressed oops, g1 gc, windows-amd64)
GC Precious Log:
 CPUs: 2 total, 2 available
 Memory: 3919M
 Large Page Support: Disabled
 NUMA Support: Disabled
 Compressed Oops: Enabled (32-bit)
 Heap Region Size: 1M
 Heap Min Capacity: 8M
 Heap Initial Capacity: 62M
 Heap Max Capacity: 980M
 Pre-touch: Disabled
 Parallel Workers: 2
 Concurrent Workers: 1
 Concurrent Refinement Workers: 2
 Periodic GC: Disabled
Heap:
 garbage-first heap   total 76800K, used 33607K [0x00000000c2c00000, 0x0000000100000000)
  region size 1024K, 23 young (23552K), 2 survivors (2048K)
 Metaspace       used 20558K, capacity 20861K, committed 20992K, reserved 1069056K
  class space    used 2102K, capacity 2183K, committed 2304K, reserved 1048576K
GC Heap History (18 events):
Event: 1.084 GC heap before
{Heap before GC invocations=0 (full 0):
 garbage-first heap   total 63488K, used 5120K [0x00000000c2c00000, 0x0000000100000000)
  region size 1024K, 6 young (6144K), 0 survivors (0K)
 Metaspace       used 616K, capacity 4483K, committed 4864K, reserved 1056768K
  class space    used 40K, capacity 385K, committed 512K, reserved 1048576K
}
Event: 1.092 GC heap after
{Heap after GC invocations=1 (full 0):
 garbage-first heap   total 63488K, used 4540K [0x00000000c2c00000, 0x0000000100000000)
  region size 1024K, 1 young (1024K), 1 survivors (1024K)
 Metaspace       used 616K, capacity 4483K, committed 4864K, reserved 1056768K
  class space    used 40K, capacity 385K, committed 512K, reserved 1048576K
}
Event: 1.287 GC heap before
{Heap before GC invocations=1 (full 0):
 garbage-first heap   total 63488K, used 5564K [0x00000000c2c00000, 0x0000000100000000)
  region size 1024K, 3 young (3072K), 1 survivors (1024K)
 Metaspace       used 2131K, capacity 4489K, committed 4864K, reserved 1056768K
  class space    used 190K, capacity 387K, committed 512K, reserved 1048576K
}
Event: 1.291 GC heap after
{Heap after GC invocations=2 (full 0):
 garbage-first heap   total 63488K, used 5361K [0x00000000c2c00000, 0x0000000100000000)
  region size 1024K, 1 young (1024K), 1 survivors (1024K)
 Metaspace       used 2131K, capacity 4489K, committed 4864K, reserved 1056768K
  class space    used 190K, capacity 387K, committed 512K, reserved 1048576K
}
Event: 2.032 GC heap before
{Heap before GC invocations=2 (full 0):
 garbage-first heap   total 63488K, used 11505K [0x00000000c2c00000, 0x0000000100000000)
  region size 1024K, 7 young (7168K), 1 survivors (1024K)
 Metaspace       used 4269K, capacity 5395K, committed 5632K, reserved 1056768K
  class space    used 401K, capacity 496K, committed 512K, reserved 1048576K
}
Event: 2.039 GC heap after
{Heap after GC invocations=3 (full 0):
 garbage-first heap   total 63488K, used 6003K [0x00000000c2c00000, 0x0000000100000000)
  region size 1024K, 1 young (1024K), 1 survivors (1024K)
 Metaspace       used 4269K, capacity 5395K, committed 5632K, reserved 1056768K
  class space    used 401K, capacity 496K, committed 512K, reserved 1048576K
}
Event: 2.846 GC heap before
{Heap before GC invocations=3 (full 0):
 garbage-first heap   total 63488K, used 20339K [0x00000000c2c00000, 0x0000000100000000)
  region size 1024K, 15 young (15360K), 1 survivors (1024K)
 Metaspace       used 5652K, capacity 6373K, committed 6528K, reserved 1056768K
  class space    used 523K, capacity 564K, committed 640K, reserved 1048576K
}
Event: 2.854 GC heap after
{Heap after GC invocations=4 (full 0):
 garbage-first heap   total 63488K, used 5774K [0x00000000c2c00000, 0x0000000100000000)
  region size 1024K, 1 young (1024K), 1 survivors (1024K)
 Metaspace       used 5652K, capacity 6373K, committed 6528K, reserved 1056768K
  class space    used 523K, capacity 564K, committed 640K, reserved 1048576K
}
Event: 4.871 GC heap before
{Heap before GC invocations=4 (full 0):
 garbage-first heap   total 63488K, used 42638K [0x00000000c2c00000, 0x0000000100000000)
  region size 1024K, 37 young (37888K), 1 survivors (1024K)
 Metaspace       used 8517K, capacity 8654K, committed 8832K, reserved 1056768K
  class space    used 817K, capacity 851K, committed 896K, reserved 1048576K
}
Event: 4.878 GC heap after
{Heap after GC invocations=5 (full 0):
 garbage-first heap   total 76800K, used 6771K [0x00000000c2c00000, 0x0000000100000000)
  region size 1024K, 2 young (2048K), 2 survivors (2048K)
 Metaspace       used 8517K, capacity 8654K, committed 8832K, reserved 1056768K
  class space    used 817K, capacity 851K, committed 896K, reserved 1048576K
}
Event: 6.585 GC heap before
{Heap before GC invocations=5 (full 0):
 garbage-first heap   total 76800K, used 50803K [0x00000000c2c00000, 0x0000000100000000)
  region size 1024K, 45 young (46080K), 2 survivors (2048K)
 Metaspace       used 11402K, capacity 11655K, committed 11776K, reserved 1060864K
  class space    used 1101K, capacity 1189K, committed 1280K, reserved 1048576K
}
Event: 6.594 GC heap after
{Heap after GC invocations=6 (full 0):
 garbage-first heap   total 76800K, used 7914K [0x00000000c2c00000, 0x0000000100000000)
  region size 1024K, 3 young (3072K), 3 survivors (3072K)
 Metaspace       used 11402K, capacity 11655K, committed 11776K, reserved 1060864K
  class space    used 1101K, capacity 1189K, committed 1280K, reserved 1048576K
}
Event: 8.263 GC heap before
{Heap before GC invocations=6 (full 0):
 garbage-first heap   total 76800K, used 50922K [0x00000000c2c00000, 0x0000000100000000)
  region size 1024K, 45 young (46080K), 3 survivors (3072K)
 Metaspace       used 14143K, capacity 14396K, committed 14592K, reserved 1062912K
  class space    used 1339K, capacity 1418K, committed 1536K, reserved 1048576K
}
Event: 8.277 GC heap after
{Heap after GC invocations=7 (full 0):
 garbage-first heap   total 76800K, used 11338K [0x00000000c2c00000, 0x0000000100000000)
  region size 1024K, 6 young (6144K), 6 survivors (6144K)
 Metaspace       used 14143K, capacity 14396K, committed 14592K, reserved 1062912K
  class space    used 1339K, capacity 1418K, committed 1536K, reserved 1048576K
}
Event: 10.702 GC heap before
{Heap before GC invocations=7 (full 0):
 garbage-first heap   total 76800K, used 51274K [0x00000000c2c00000, 0x0000000100000000)
  region size 1024K, 45 young (46080K), 6 survivors (6144K)
 Metaspace       used 16916K, capacity 17187K, committed 17408K, reserved 1064960K
  class space    used 1667K, capacity 1750K, committed 1792K, reserved 1048576K
}
Event: 10.722 GC heap after
{Heap after GC invocations=8 (full 0):
 garbage-first heap   total 76800K, used 12260K [0x00000000c2c00000, 0x0000000100000000)
  region size 1024K, 1 young (1024K), 1 survivors (1024K)
 Metaspace       used 16916K, capacity 17187K, committed 17408K, reserved 1064960K
  class space    used 1667K, capacity 1750K, committed 1792K, reserved 1048576K
}
Event: 15.459 GC heap before
{Heap before GC invocations=8 (full 0):
 garbage-first heap   total 76800K, used 57316K [0x00000000c2c00000, 0x0000000100000000)
  region size 1024K, 45 young (46080K), 1 survivors (1024K)
 Metaspace       used 20104K, capacity 20404K, committed 20608K, reserved 1067008K
  class space    used 2055K, capacity 2117K, committed 2176K, reserved 1048576K
}
Event: 15.465 GC heap after
{Heap after GC invocations=9 (full 0):
 garbage-first heap   total 76800K, used 13127K [0x00000000c2c00000, 0x0000000100000000)
  region size 1024K, 2 young (2048K), 2 survivors (2048K)
 Metaspace       used 20104K, capacity 20404K, committed 20608K, reserved 1067008K
  class space    used 2055K, capacity 2117K, committed 2176K, reserved 1048576K
}

